app/build/intermediates/manifest_merge_blame_file/release/manifest-merger-blame-release-report.txt
1<?xml version="1.0" encoding="utf-8"?>
2<manifest xmlns:android="http://schemas.android.com/apk/res/android"
3    package="com.example.temanwanda"
4    android:versionCode="1"
5    android:versionName="1.0" >
6
7    <uses-sdk
8        android:minSdkVersion="21"
8-->src\main\AndroidManifest.xml
9        android:targetSdkVersion="31" />
9-->src\main\AndroidManifest.xml
10
11    <application
11-->src\main\AndroidManifest.xml:5:5-26:19
12        android:allowBackup="true"
12-->src\main\AndroidManifest.xml:6:9-35
13        android:appComponentFactory="androidx.core.app.CoreComponentFactory"
13-->[androidx.core:core:1.7.0] AndroidManifest.xml:24:18-86
14        android:icon="@mipmap/logo3"
14-->src\main\AndroidManifest.xml:7:9-37
15        android:label="@string/app_name"
15-->src\main\AndroidManifest.xml:8:9-41
16        android:roundIcon="@mipmap/logo3"
16-->src\main\AndroidManifest.xml:9:9-42
17        android:supportsRtl="true"
17-->src\main\AndroidManifest.xml:10:9-35
18        android:theme="@style/Theme.TemanWanda" >
18-->src\main\AndroidManifest.xml:11:9-48
19        <activity android:name="com.example.temanwanda.MainActivity" >
19-->src\main\AndroidManifest.xml:12:9-14:20
19-->src\main\AndroidManifest.xml:13:13-41
20        </activity>
21        <activity android:name="com.example.temanwanda.RegisterActivity" />
21-->src\main\AndroidManifest.xml:16:9-63
21-->src\main\AndroidManifest.xml:16:19-51
22        <activity
22-->src\main\AndroidManifest.xml:17:9-24:20
23            android:name="com.example.temanwanda.LoginActivity"
23-->src\main\AndroidManifest.xml:17:19-48
24            android:exported="true" >
24-->src\main\AndroidManifest.xml:18:13-36
25            <intent-filter>
25-->src\main\AndroidManifest.xml:19:13-23:29
26                <action android:name="android.intent.action.MAIN" />
26-->src\main\AndroidManifest.xml:20:17-69
26-->src\main\AndroidManifest.xml:20:25-66
27
28                <category android:name="android.intent.category.LAUNCHER" />
28-->src\main\AndroidManifest.xml:22:17-77
28-->src\main\AndroidManifest.xml:22:27-74
29            </intent-filter>
30        </activity>
31
32        <provider
32-->[androidx.emoji2:emoji2:1.0.0] AndroidManifest.xml:26:9-34:20
33            android:name="androidx.startup.InitializationProvider"
33-->[androidx.emoji2:emoji2:1.0.0] AndroidManifest.xml:27:13-67
34            android:authorities="com.example.temanwanda.androidx-startup"
34-->[androidx.emoji2:emoji2:1.0.0] AndroidManifest.xml:28:13-68
35            android:exported="false" >
35-->[androidx.emoji2:emoji2:1.0.0] AndroidManifest.xml:29:13-37
36            <meta-data
36-->[androidx.emoji2:emoji2:1.0.0] AndroidManifest.xml:31:13-33:52
37                android:name="androidx.emoji2.text.EmojiCompatInitializer"
37-->[androidx.emoji2:emoji2:1.0.0] AndroidManifest.xml:32:17-75
38                android:value="androidx.startup" />
38-->[androidx.emoji2:emoji2:1.0.0] AndroidManifest.xml:33:17-49
39            <meta-data
39-->[androidx.lifecycle:lifecycle-process:2.4.0] AndroidManifest.xml:31:13-33:52
40                android:name="androidx.lifecycle.ProcessLifecycleInitializer"
40-->[androidx.lifecycle:lifecycle-process:2.4.0] AndroidManifest.xml:32:17-78
41                android:value="androidx.startup" />
41-->[androidx.lifecycle:lifecycle-process:2.4.0] AndroidManifest.xml:33:17-49
42        </provider>
43    </application>
44
45</manifest>